[ 2016-08-05T09:43:28+08:00 ] / | ERR: message : MySQL Query Error, sql: SELECT * FROM om_interface_version WHERE requestname='index' AND version='1.0' AND is_delete=0

[ 2016-08-05T09:43:45+08:00 ] /api.php | ERR: message : MySQL Query Error, sql: SELECT * FROM om_interface_version WHERE requestname='index' AND version='1.0' AND is_delete=0

[ 2016-08-05T11:31:55+08:00 ] /api.php?action=getUserInformationByUsername | ERR: [2] Missing argument 1 for TransformDpAct::act_getUserInformationByUsername(), called in D:\Sailvan\api\html\api.php on line 55 and defined transformDp.action.php 第 13 行.
[ 2016-08-05T14:16:20+08:00 ] /api.php?action=getUserInformationByUsername | ERR: message : MySQL Query Error, sql: SHOW COLUMNS FROM `om_api_open`  

[ 2016-08-05T14:43:25+08:00 ] /api.php?action=getUserInformationByUsername | ERR: message : MySQL Query Error, sql: SHOW COLUMNS FROM `om_api_open`  

[ 2016-08-05T14:43:26+08:00 ] /api.php?action=getUserInformationByUsername | ERR: message : MySQL Query Error, sql: SHOW COLUMNS FROM `om_api_open`  

[ 2016-08-05T14:43:27+08:00 ] /api.php?action=getUserInformationByUsername | ERR: message : MySQL Query Error, sql: SHOW COLUMNS FROM `om_api_open`  

[ 2016-08-05T14:43:28+08:00 ] /api.php?action=getUserInformationByUsername | ERR: message : MySQL Query Error, sql: SHOW COLUMNS FROM `om_api_open`  

[ 2016-08-05T14:43:29+08:00 ] /api.php?action=getUserInformationByUsername | ERR: message : MySQL Query Error, sql: SHOW COLUMNS FROM `om_api_open`  

[ 2016-08-05T14:43:29+08:00 ] /api.php?action=getUserInformationByUsername | ERR: message : MySQL Query Error, sql: SHOW COLUMNS FROM `om_api_open`  

[ 2016-08-05T14:43:29+08:00 ] /api.php?action=getUserInformationByUsername | ERR: message : MySQL Query Error, sql: SHOW COLUMNS FROM `om_api_open`  

[ 2016-08-05T14:43:30+08:00 ] /api.php?action=getUserInformationByUsername | ERR: message : MySQL Query Error, sql: SHOW COLUMNS FROM `om_api_open`  

[ 2016-08-05T14:43:32+08:00 ] /api.php?action=getUserInformationByUsername | ERR: message : MySQL Query Error, sql: SHOW COLUMNS FROM `om_api_open`  

[ 2016-08-05T14:43:32+08:00 ] /api.php?action=getUserInformationByUsername | ERR: message : MySQL Query Error, sql: SHOW COLUMNS FROM `om_api_open`  

[ 2016-08-05T14:43:33+08:00 ] /api.php?action=getUserInformationByUsername | ERR: message : MySQL Query Error, sql: SHOW COLUMNS FROM `om_api_open`  

[ 2016-08-05T14:43:33+08:00 ] /api.php?action=getUserInformationByUsername | ERR: message : MySQL Query Error, sql: SHOW COLUMNS FROM `om_api_open`  

[ 2016-08-05T14:43:34+08:00 ] /api.php?action=getUserInformationByUsername | ERR: message : MySQL Query Error, sql: SHOW COLUMNS FROM `om_api_open`  

[ 2016-08-05T14:43:34+08:00 ] /api.php?action=getUserInformationByUsername | ERR: message : MySQL Query Error, sql: SHOW COLUMNS FROM `om_api_open`  

[ 2016-08-05T15:04:58+08:00 ] /api.php?action=getUserInformationByUsername | ERR: [2] Missing argument 1 for ApiOpenAct::act_getUserInformationByUsername(), called in D:\Sailvan\api\html\api.php on line 83 and defined apiOpen.action.php 第 12 行.
[ 2016-08-05T15:06:58+08:00 ] /api.php?action=getUserInformationByUsername | ERR: [2] Missing argument 1 for ApiOpenAct::act_getUserInformationByUsername(), called in D:\Sailvan\api\html\api.php on line 83 and defined apiOpen.action.php 第 12 行.
[ 2016-08-05T15:06:58+08:00 ] /api.php?action=getUserInformationByUsername | ERR: [2] sprintf(): Too few arguments functions.php 第 453 行.
[ 2016-08-05T15:06:59+08:00 ] /api.php?action=getUserInformationByUsername | ERR: [2] Missing argument 1 for ApiOpenAct::act_getUserInformationByUsername(), called in D:\Sailvan\api\html\api.php on line 83 and defined apiOpen.action.php 第 12 行.
[ 2016-08-05T15:06:59+08:00 ] /api.php?action=getUserInformationByUsername | ERR: [2] sprintf(): Too few arguments functions.php 第 453 行.
[ 2016-08-05T15:06:59+08:00 ] /api.php?action=getUserInformationByUsername | ERR: [2] Missing argument 1 for ApiOpenAct::act_getUserInformationByUsername(), called in D:\Sailvan\api\html\api.php on line 83 and defined apiOpen.action.php 第 12 行.
[ 2016-08-05T15:06:59+08:00 ] /api.php?action=getUserInformationByUsername | ERR: [2] sprintf(): Too few arguments functions.php 第 453 行.
[ 2016-08-05T15:06:59+08:00 ] /api.php?action=getUserInformationByUsername | ERR: [2] Missing argument 1 for ApiOpenAct::act_getUserInformationByUsername(), called in D:\Sailvan\api\html\api.php on line 83 and defined apiOpen.action.php 第 12 行.
[ 2016-08-05T15:06:59+08:00 ] /api.php?action=getUserInformationByUsername | ERR: [2] sprintf(): Too few arguments functions.php 第 453 行.
[ 2016-08-05T15:06:59+08:00 ] /api.php?action=getUserInformationByUsername | ERR: [2] Missing argument 1 for ApiOpenAct::act_getUserInformationByUsername(), called in D:\Sailvan\api\html\api.php on line 83 and defined apiOpen.action.php 第 12 行.
[ 2016-08-05T15:06:59+08:00 ] /api.php?action=getUserInformationByUsername | ERR: [2] sprintf(): Too few arguments functions.php 第 453 行.
[ 2016-08-05T15:06:59+08:00 ] /api.php?action=getUserInformationByUsername | ERR: [2] Missing argument 1 for ApiOpenAct::act_getUserInformationByUsername(), called in D:\Sailvan\api\html\api.php on line 83 and defined apiOpen.action.php 第 12 行.
[ 2016-08-05T15:06:59+08:00 ] /api.php?action=getUserInformationByUsername | ERR: [2] sprintf(): Too few arguments functions.php 第 453 行.
[ 2016-08-05T15:07:00+08:00 ] /api.php?action=getUserInformationByUsername | ERR: [2] Missing argument 1 for ApiOpenAct::act_getUserInformationByUsername(), called in D:\Sailvan\api\html\api.php on line 83 and defined apiOpen.action.php 第 12 行.
[ 2016-08-05T15:07:00+08:00 ] /api.php?action=getUserInformationByUsername | ERR: [2] sprintf(): Too few arguments functions.php 第 453 行.
[ 2016-08-05T15:07:00+08:00 ] /api.php?action=getUserInformationByUsername | ERR: [2] Missing argument 1 for ApiOpenAct::act_getUserInformationByUsername(), called in D:\Sailvan\api\html\api.php on line 83 and defined apiOpen.action.php 第 12 行.
[ 2016-08-05T15:07:00+08:00 ] /api.php?action=getUserInformationByUsername | ERR: [2] sprintf(): Too few arguments functions.php 第 453 行.
[ 2016-08-05T15:07:00+08:00 ] /api.php?action=getUserInformationByUsername | ERR: [2] Missing argument 1 for ApiOpenAct::act_getUserInformationByUsername(), called in D:\Sailvan\api\html\api.php on line 83 and defined apiOpen.action.php 第 12 行.
[ 2016-08-05T15:07:00+08:00 ] /api.php?action=getUserInformationByUsername | ERR: [2] sprintf(): Too few arguments functions.php 第 453 行.
[ 2016-08-05T15:07:00+08:00 ] /api.php?action=getUserInformationByUsername | ERR: [2] Missing argument 1 for ApiOpenAct::act_getUserInformationByUsername(), called in D:\Sailvan\api\html\api.php on line 83 and defined apiOpen.action.php 第 12 行.
[ 2016-08-05T15:07:00+08:00 ] /api.php?action=getUserInformationByUsername | ERR: [2] sprintf(): Too few arguments functions.php 第 453 行.
[ 2016-08-05T15:07:01+08:00 ] /api.php?action=getUserInformationByUsername | ERR: [2] Missing argument 1 for ApiOpenAct::act_getUserInformationByUsername(), called in D:\Sailvan\api\html\api.php on line 83 and defined apiOpen.action.php 第 12 行.
[ 2016-08-05T15:07:01+08:00 ] /api.php?action=getUserInformationByUsername | ERR: [2] sprintf(): Too few arguments functions.php 第 453 行.
[ 2016-08-05T15:07:20+08:00 ] /api.php?action=getUserInformationByUsername | ERR: [2] Missing argument 1 for ApiOpenAct::act_getUserInformationByUsername(), called in D:\Sailvan\api\html\api.php on line 83 and defined apiOpen.action.php 第 12 行.
[ 2016-08-05T15:07:20+08:00 ] /api.php?action=getUserInformationByUsername | ERR: [2] Missing argument 1 for ApiOpenAct::act_getUserInformationByUsername(), called in D:\Sailvan\api\html\api.php on line 83 and defined apiOpen.action.php 第 12 行.
[ 2016-08-05T15:07:21+08:00 ] /api.php?action=getUserInformationByUsername | ERR: [2] Missing argument 1 for ApiOpenAct::act_getUserInformationByUsername(), called in D:\Sailvan\api\html\api.php on line 83 and defined apiOpen.action.php 第 12 行.
[ 2016-08-05T15:07:21+08:00 ] /api.php?action=getUserInformationByUsername | ERR: [2] Missing argument 1 for ApiOpenAct::act_getUserInformationByUsername(), called in D:\Sailvan\api\html\api.php on line 83 and defined apiOpen.action.php 第 12 行.
[ 2016-08-05T15:07:57+08:00 ] /api.php?action=getUserInformationByUsername | ERR: [2] Missing argument 1 for ApiOpenAct::act_getUserInformationByUsername(), called in D:\Sailvan\api\html\api.php on line 83 and defined apiOpen.action.php 第 12 行.
[ 2016-08-05T15:07:57+08:00 ] /api.php?action=getUserInformationByUsername | ERR: [2] sprintf(): Too few arguments functions.php 第 453 行.
[ 2016-08-05T15:07:58+08:00 ] /api.php?action=getUserInformationByUsername | ERR: [2] Missing argument 1 for ApiOpenAct::act_getUserInformationByUsername(), called in D:\Sailvan\api\html\api.php on line 83 and defined apiOpen.action.php 第 12 行.
[ 2016-08-05T15:07:58+08:00 ] /api.php?action=getUserInformationByUsername | ERR: [2] sprintf(): Too few arguments functions.php 第 453 行.
[ 2016-08-05T15:08:07+08:00 ] /api.php?action=getUserInformationByUsername | ERR: [2] sprintf(): Too few arguments functions.php 第 453 行.
[ 2016-08-05T15:08:09+08:00 ] /api.php?action=getUserInformationByUsername | ERR: [2] sprintf(): Too few arguments functions.php 第 453 行.
[ 2016-08-05T15:08:35+08:00 ] /api.php?action=getUserInformationByUsername | ERR: [2] sprintf(): Too few arguments functions.php 第 453 行.
[ 2016-08-05T15:08:36+08:00 ] /api.php?action=getUserInformationByUsername | ERR: [2] sprintf(): Too few arguments functions.php 第 453 行.
[ 2016-08-05T15:09:29+08:00 ] /api.php?action=getUserInformationByUsername | ERR: [2] sprintf(): Too few arguments functions.php 第 453 行.
