[ 2016-07-28T11:03:05+08:00 ] /index.php?mod=user&act=login | ERR: [2] filemtime(): stat failed for D:/Sailvan/html/template/v1\user_system\login.html smarty_resource.php 第 349 行.
[ 2016-07-28T11:03:05+08:00 ] /index.php?mod=user&act=login | ERR: [2] filemtime(): stat failed for user_system\login.html smarty_resource.php 第 349 行.
[ 2016-07-28T11:03:07+08:00 ] /index.php?mod=user&act=login | ERR: [2] filemtime(): stat failed for D:/Sailvan/html/template/v1\user_system\login.html smarty_resource.php 第 349 行.
[ 2016-07-28T11:03:07+08:00 ] /index.php?mod=user&act=login | ERR: [2] filemtime(): stat failed for user_system\login.html smarty_resource.php 第 349 行.
[ 2016-07-28T11:03:07+08:00 ] /index.php?mod=user&act=login | ERR: [2] filemtime(): stat failed for D:/Sailvan/html/template/v1\user_system\login.html smarty_resource.php 第 349 行.
[ 2016-07-28T11:03:07+08:00 ] /index.php?mod=user&act=login | ERR: [2] filemtime(): stat failed for user_system\login.html smarty_resource.php 第 349 行.
[ 2016-07-28T11:03:08+08:00 ] /index.php?mod=user&act=login | ERR: [2] filemtime(): stat failed for D:/Sailvan/html/template/v1\user_system\login.html smarty_resource.php 第 349 行.
[ 2016-07-28T11:03:08+08:00 ] /index.php?mod=user&act=login | ERR: [2] filemtime(): stat failed for user_system\login.html smarty_resource.php 第 349 行.
[ 2016-07-28T14:27:14+08:00 ] /index.php?mod=user&act=information | ERR: [2] Missing argument 1 for UserModel::getUserInformation(), called in D:\Sailvan\action\user.action.php on line 33 and defined user.model.php 第 25 行.
[ 2016-07-28T14:28:17+08:00 ] /index.php?mod=user&act=information | ERR: [2] Missing argument 1 for UserModel::getUserInformation(), called in D:\Sailvan\action\user.action.php on line 33 and defined user.model.php 第 25 行.
[ 2016-07-28T14:39:42+08:00 ] /index.php?mod=user&act=information | ERR: [2] filemtime(): stat failed for D:/Sailvan/smarty/templates_c\31643d3d4fe9258c1de1f3215d912a2e032a5da7.file.userInfo.html.php smarty_resource.php 第 720 行.
[ 2016-07-28T14:41:52+08:00 ] /index.php?mod=user&act=information | ERR: [2] filemtime(): stat failed for D:/Sailvan/smarty/templates_c\31643d3d4fe9258c1de1f3215d912a2e032a5da7.file.userInfo.html.php smarty_resource.php 第 720 行.
[ 2016-07-28T14:41:53+08:00 ] /index.php?mod=user&act=information | ERR: [2] filemtime(): stat failed for D:/Sailvan/smarty/templates_c\31643d3d4fe9258c1de1f3215d912a2e032a5da7.file.userInfo.html.php smarty_resource.php 第 720 行.
[ 2016-07-28T14:41:53+08:00 ] /index.php?mod=user&act=information | ERR: [2] filemtime(): stat failed for D:/Sailvan/smarty/templates_c\31643d3d4fe9258c1de1f3215d912a2e032a5da7.file.userInfo.html.php smarty_resource.php 第 720 行.
[ 2016-07-28T14:41:53+08:00 ] /index.php?mod=user&act=information | ERR: [2] filemtime(): stat failed for D:/Sailvan/smarty/templates_c\31643d3d4fe9258c1de1f3215d912a2e032a5da7.file.userInfo.html.php smarty_resource.php 第 720 行.
[ 2016-07-28T14:41:53+08:00 ] /index.php?mod=user&act=information | ERR: [2] filemtime(): stat failed for D:/Sailvan/smarty/templates_c\31643d3d4fe9258c1de1f3215d912a2e032a5da7.file.userInfo.html.php smarty_resource.php 第 720 行.
[ 2016-07-28T14:41:54+08:00 ] /index.php?mod=user&act=information | ERR: [2] filemtime(): stat failed for D:/Sailvan/smarty/templates_c\31643d3d4fe9258c1de1f3215d912a2e032a5da7.file.userInfo.html.php smarty_resource.php 第 720 行.
[ 2016-07-28T14:41:54+08:00 ] /index.php?mod=user&act=information | ERR: [2] filemtime(): stat failed for D:/Sailvan/smarty/templates_c\31643d3d4fe9258c1de1f3215d912a2e032a5da7.file.userInfo.html.php smarty_resource.php 第 720 行.
[ 2016-07-28T14:41:55+08:00 ] /index.php?mod=user&act=information | ERR: [2] filemtime(): stat failed for D:/Sailvan/smarty/templates_c\31643d3d4fe9258c1de1f3215d912a2e032a5da7.file.userInfo.html.php smarty_resource.php 第 720 行.
[ 2016-07-28T14:46:39+08:00 ] /index.php?mod=user&act=information | ERR: [2] filemtime(): stat failed for D:/Sailvan/smarty/templates_c\31643d3d4fe9258c1de1f3215d912a2e032a5da7.file.userInfo.html.php smarty_resource.php 第 720 行.
[ 2016-07-28T15:22:35+08:00 ] /index.php?mod=user&act=index | ERR: [2] filemtime(): stat failed for D:/Sailvan/smarty/templates_c\1983cc3ef9a3bf24147015806fb4108fcc7985fb.file.login.html.php smarty_resource.php 第 720 行.
[ 2016-07-28T15:22:35+08:00 ] /index.php?mod=user&act=index | ERR: [2] unlink(D:/Sailvan/smarty/templates_c\1983cc3ef9a3bf24147015806fb4108fcc7985fb.file.login.html.php): No such file or directory smarty_internal_write_file.php 第 57 行.
[ 2016-07-28T15:22:47+08:00 ] /index.php?mod=user&act=login | ERR: [2] filemtime(): stat failed for D:/Sailvan/smarty/templates_c\05e6fc6b969c4981707f9b6e0ef541d3e669460b.file.userlist.html.php smarty_resource.php 第 720 行.
[ 2016-07-28T15:22:47+08:00 ] /index.php?mod=user&act=login | ERR: [2] unlink(D:/Sailvan/smarty/templates_c\05e6fc6b969c4981707f9b6e0ef541d3e669460b.file.userlist.html.php): No such file or directory smarty_internal_write_file.php 第 57 行.
[ 2016-07-28T15:22:54+08:00 ] /index.php?mod=user&act=information | ERR: [2] filemtime(): stat failed for D:/Sailvan/smarty/templates_c\31643d3d4fe9258c1de1f3215d912a2e032a5da7.file.userInfo.html.php smarty_resource.php 第 720 行.
[ 2016-07-28T15:22:55+08:00 ] /index.php?mod=user&act=information | ERR: [2] filemtime(): stat failed for D:/Sailvan/smarty/templates_c\31643d3d4fe9258c1de1f3215d912a2e032a5da7.file.userInfo.html.php smarty_resource.php 第 720 行.
[ 2016-07-28T15:22:56+08:00 ] /index.php?mod=user&act=information | ERR: [2] filemtime(): stat failed for D:/Sailvan/smarty/templates_c\31643d3d4fe9258c1de1f3215d912a2e032a5da7.file.userInfo.html.php smarty_resource.php 第 720 行.
[ 2016-07-28T15:24:06+08:00 ] /index.php?mod=user&act=information | ERR: [2] filemtime(): stat failed for D:/Sailvan/smarty/templates_c\31643d3d4fe9258c1de1f3215d912a2e032a5da7.file.userInfo.html.php smarty_resource.php 第 720 行.
[ 2016-07-28T15:24:06+08:00 ] /index.php?mod=user&act=information | ERR: [2] filemtime(): stat failed for D:/Sailvan/smarty/templates_c\31643d3d4fe9258c1de1f3215d912a2e032a5da7.file.userInfo.html.php smarty_resource.php 第 720 行.
[ 2016-07-28T15:24:06+08:00 ] /index.php?mod=user&act=information | ERR: [2] filemtime(): stat failed for D:/Sailvan/smarty/templates_c\31643d3d4fe9258c1de1f3215d912a2e032a5da7.file.userInfo.html.php smarty_resource.php 第 720 行.
[ 2016-07-28T15:24:06+08:00 ] /index.php?mod=user&act=information | ERR: [2] filemtime(): stat failed for D:/Sailvan/smarty/templates_c\31643d3d4fe9258c1de1f3215d912a2e032a5da7.file.userInfo.html.php smarty_resource.php 第 720 行.
[ 2016-07-28T15:24:07+08:00 ] /index.php?mod=user&act=information | ERR: [2] filemtime(): stat failed for D:/Sailvan/smarty/templates_c\31643d3d4fe9258c1de1f3215d912a2e032a5da7.file.userInfo.html.php smarty_resource.php 第 720 行.
[ 2016-07-28T15:24:07+08:00 ] /index.php?mod=user&act=information | ERR: [2] filemtime(): stat failed for D:/Sailvan/smarty/templates_c\31643d3d4fe9258c1de1f3215d912a2e032a5da7.file.userInfo.html.php smarty_resource.php 第 720 行.
[ 2016-07-28T15:24:07+08:00 ] /index.php?mod=user&act=information | ERR: [2] filemtime(): stat failed for D:/Sailvan/smarty/templates_c\31643d3d4fe9258c1de1f3215d912a2e032a5da7.file.userInfo.html.php smarty_resource.php 第 720 行.
[ 2016-07-28T15:24:07+08:00 ] /index.php?mod=user&act=information | ERR: [2] filemtime(): stat failed for D:/Sailvan/smarty/templates_c\31643d3d4fe9258c1de1f3215d912a2e032a5da7.file.userInfo.html.php smarty_resource.php 第 720 行.
[ 2016-07-28T15:24:07+08:00 ] /index.php?mod=user&act=information | ERR: [2] filemtime(): stat failed for D:/Sailvan/smarty/templates_c\31643d3d4fe9258c1de1f3215d912a2e032a5da7.file.userInfo.html.php smarty_resource.php 第 720 行.
[ 2016-07-28T15:24:07+08:00 ] /index.php?mod=user&act=information | ERR: [2] filemtime(): stat failed for D:/Sailvan/smarty/templates_c\31643d3d4fe9258c1de1f3215d912a2e032a5da7.file.userInfo.html.php smarty_resource.php 第 720 行.
[ 2016-07-28T15:24:08+08:00 ] /index.php?mod=user&act=information | ERR: [2] filemtime(): stat failed for D:/Sailvan/smarty/templates_c\31643d3d4fe9258c1de1f3215d912a2e032a5da7.file.userInfo.html.php smarty_resource.php 第 720 行.
[ 2016-07-28T15:24:08+08:00 ] /index.php?mod=user&act=information | ERR: [2] filemtime(): stat failed for D:/Sailvan/smarty/templates_c\31643d3d4fe9258c1de1f3215d912a2e032a5da7.file.userInfo.html.php smarty_resource.php 第 720 行.
[ 2016-07-28T15:24:09+08:00 ] /index.php?mod=user&act=information | ERR: [2] filemtime(): stat failed for D:/Sailvan/smarty/templates_c\31643d3d4fe9258c1de1f3215d912a2e032a5da7.file.userInfo.html.php smarty_resource.php 第 720 行.
[ 2016-07-28T15:24:09+08:00 ] /index.php?mod=user&act=information | ERR: [2] filemtime(): stat failed for D:/Sailvan/smarty/templates_c\31643d3d4fe9258c1de1f3215d912a2e032a5da7.file.userInfo.html.php smarty_resource.php 第 720 行.
[ 2016-07-28T15:24:09+08:00 ] /index.php?mod=user&act=information | ERR: [2] filemtime(): stat failed for D:/Sailvan/smarty/templates_c\31643d3d4fe9258c1de1f3215d912a2e032a5da7.file.userInfo.html.php smarty_resource.php 第 720 行.
[ 2016-07-28T15:24:10+08:00 ] /index.php?mod=user&act=information | ERR: [2] filemtime(): stat failed for D:/Sailvan/smarty/templates_c\31643d3d4fe9258c1de1f3215d912a2e032a5da7.file.userInfo.html.php smarty_resource.php 第 720 行.
[ 2016-07-28T15:24:10+08:00 ] /index.php?mod=user&act=information | ERR: [2] filemtime(): stat failed for D:/Sailvan/smarty/templates_c\31643d3d4fe9258c1de1f3215d912a2e032a5da7.file.userInfo.html.php smarty_resource.php 第 720 行.
[ 2016-07-28T15:24:10+08:00 ] /index.php?mod=user&act=information | ERR: [2] filemtime(): stat failed for D:/Sailvan/smarty/templates_c\31643d3d4fe9258c1de1f3215d912a2e032a5da7.file.userInfo.html.php smarty_resource.php 第 720 行.
[ 2016-07-28T15:24:11+08:00 ] /index.php?mod=user&act=information | ERR: [2] filemtime(): stat failed for D:/Sailvan/smarty/templates_c\31643d3d4fe9258c1de1f3215d912a2e032a5da7.file.userInfo.html.php smarty_resource.php 第 720 行.
[ 2016-07-28T15:24:11+08:00 ] /index.php?mod=user&act=information | ERR: [2] filemtime(): stat failed for D:/Sailvan/smarty/templates_c\31643d3d4fe9258c1de1f3215d912a2e032a5da7.file.userInfo.html.php smarty_resource.php 第 720 行.
[ 2016-07-28T15:24:11+08:00 ] /index.php?mod=user&act=information | ERR: [2] filemtime(): stat failed for D:/Sailvan/smarty/templates_c\31643d3d4fe9258c1de1f3215d912a2e032a5da7.file.userInfo.html.php smarty_resource.php 第 720 行.
[ 2016-07-28T15:25:08+08:00 ] /index.php?mod=user&act=information | ERR: [2] filemtime(): stat failed for D:/Sailvan/smarty/templates_c\31643d3d4fe9258c1de1f3215d912a2e032a5da7.file.userInfo.html.php smarty_resource.php 第 720 行.
[ 2016-07-28T15:25:09+08:00 ] /index.php?mod=user&act=information | ERR: [2] filemtime(): stat failed for D:/Sailvan/smarty/templates_c\31643d3d4fe9258c1de1f3215d912a2e032a5da7.file.userInfo.html.php smarty_resource.php 第 720 行.
[ 2016-07-28T15:25:09+08:00 ] /index.php?mod=user&act=information | ERR: [2] filemtime(): stat failed for D:/Sailvan/smarty/templates_c\31643d3d4fe9258c1de1f3215d912a2e032a5da7.file.userInfo.html.php smarty_resource.php 第 720 行.
[ 2016-07-28T15:25:09+08:00 ] /index.php?mod=user&act=information | ERR: [2] filemtime(): stat failed for D:/Sailvan/smarty/templates_c\31643d3d4fe9258c1de1f3215d912a2e032a5da7.file.userInfo.html.php smarty_resource.php 第 720 行.
[ 2016-07-28T15:25:09+08:00 ] /index.php?mod=user&act=information | ERR: [2] filemtime(): stat failed for D:/Sailvan/smarty/templates_c\31643d3d4fe9258c1de1f3215d912a2e032a5da7.file.userInfo.html.php smarty_resource.php 第 720 行.
[ 2016-07-28T15:25:14+08:00 ] /index.php?mod=user&act=information | ERR: [2] filemtime(): stat failed for D:/Sailvan/smarty/templates_c\31643d3d4fe9258c1de1f3215d912a2e032a5da7.file.userInfo.html.php smarty_resource.php 第 720 行.
[ 2016-07-28T15:25:53+08:00 ] /index.php?mod=user&act=information | ERR: [2] filemtime(): stat failed for D:/Sailvan/smarty/templates_c\31643d3d4fe9258c1de1f3215d912a2e032a5da7.file.userInfo.html.php smarty_resource.php 第 720 行.
[ 2016-07-28T15:25:53+08:00 ] /index.php?mod=user&act=information | ERR: [2] unlink(D:/Sailvan/smarty/templates_c\31643d3d4fe9258c1de1f3215d912a2e032a5da7.file.userInfo.html.php): No such file or directory smarty_internal_write_file.php 第 57 行.
[ 2016-07-28T16:35:19+08:00 ] /index.php?mod=user&act=update | ERR: [2] Missing argument 2 for UserModel::updateUserInformation(), called in D:\Sailvan\action\user.action.php on line 47 and defined user.model.php 第 32 行.
[ 2016-07-28T16:39:29+08:00 ] /index.php?mod=user&act=update | ERR: [2] Missing argument 2 for UserModel::updateUserInformation(), called in D:\Sailvan\action\user.action.php on line 47 and defined user.model.php 第 32 行.
[ 2016-07-28T16:40:07+08:00 ] /index.php?mod=user&act=update | ERR: [2] Missing argument 2 for UserModel::updateUserInformation(), called in D:\Sailvan\action\user.action.php on line 47 and defined user.model.php 第 32 行.
[ 2016-07-28T16:40:30+08:00 ] /index.php?mod=user&act=update | ERR: [2] Missing argument 2 for UserModel::updateUserInformation(), called in D:\Sailvan\action\user.action.php on line 47 and defined user.model.php 第 32 行.
[ 2016-07-28T16:41:19+08:00 ] /index.php?mod=user&act=update | ERR: [2] Missing argument 2 for UserModel::updateUserInformation(), called in D:\Sailvan\action\user.action.php on line 47 and defined user.model.php 第 32 行.
[ 2016-07-28T16:41:40+08:00 ] /index.php?mod=user&act=update | ERR: [2] Missing argument 2 for UserModel::updateUserInformation(), called in D:\Sailvan\action\user.action.php on line 47 and defined user.model.php 第 32 行.
[ 2016-07-28T16:43:29+08:00 ] /index.php?mod=user&act=update | ERR: [2] Missing argument 2 for UserModel::updateUserInformation(), called in D:\Sailvan\action\user.action.php on line 47 and defined user.model.php 第 32 行.
[ 2016-07-28T16:43:51+08:00 ] /index.php?mod=user&act=update | ERR: [2] Missing argument 2 for UserModel::updateUserInformation(), called in D:\Sailvan\action\user.action.php on line 47 and defined user.model.php 第 32 行.
[ 2016-07-28T16:44:37+08:00 ] /index.php?mod=user&act=update | ERR: [2] Missing argument 2 for UserModel::updateUserInformation(), called in D:\Sailvan\action\user.action.php on line 47 and defined user.model.php 第 32 行.
[ 2016-07-28T16:45:14+08:00 ] /index.php?mod=user&act=update | ERR: [2] Missing argument 2 for UserModel::updateUserInformation(), called in D:\Sailvan\action\user.action.php on line 47 and defined user.model.php 第 32 行.
[ 2016-07-28T16:46:39+08:00 ] /index.php?mod=user&act=update | ERR: [2] Missing argument 2 for UserModel::updateUserInformation(), called in D:\Sailvan\action\user.action.php on line 47 and defined user.model.php 第 32 行.
[ 2016-07-28T17:17:49+08:00 ] /index.php?mod=user&act=index | ERR: [2] filemtime(): stat failed for D:/Sailvan/smarty/templates_c\1983cc3ef9a3bf24147015806fb4108fcc7985fb.file.login.html.php smarty_resource.php 第 720 行.
[ 2016-07-28T17:17:49+08:00 ] /index.php?mod=user&act=index | ERR: [2] unlink(D:/Sailvan/smarty/templates_c\1983cc3ef9a3bf24147015806fb4108fcc7985fb.file.login.html.php): No such file or directory smarty_internal_write_file.php 第 57 行.
[ 2016-07-28T18:26:28+08:00 ] /index.php?mod=user&act=login | ERR: [2] filemtime(): stat failed for D:/Sailvan/smarty/templates_c\05e6fc6b969c4981707f9b6e0ef541d3e669460b.file.userlist.html.php smarty_resource.php 第 720 行.
[ 2016-07-28T18:26:28+08:00 ] /index.php?mod=user&act=login | ERR: [2] unlink(D:/Sailvan/smarty/templates_c\05e6fc6b969c4981707f9b6e0ef541d3e669460b.file.userlist.html.php): No such file or directory smarty_internal_write_file.php 第 57 行.
[ 2016-07-28T18:27:04+08:00 ] /index.php?mod=user&act=information | ERR: [2] filemtime(): stat failed for D:/Sailvan/smarty/templates_c\31643d3d4fe9258c1de1f3215d912a2e032a5da7.file.userInfo.html.php smarty_resource.php 第 720 行.
[ 2016-07-28T18:27:04+08:00 ] /index.php?mod=user&act=information | ERR: [2] unlink(D:/Sailvan/smarty/templates_c\31643d3d4fe9258c1de1f3215d912a2e032a5da7.file.userInfo.html.php): No such file or directory smarty_internal_write_file.php 第 57 行.
