[ 2016-07-30T15:10:41+08:00 ] /index.php?mod=user&act=index | ERR: [2] filemtime(): stat failed for D:/Sailvan/html/template\template\user_system\login.html smarty_resource.php 第 349 行.
[ 2016-07-30T15:10:41+08:00 ] /index.php?mod=user&act=index | ERR: [2] filemtime(): stat failed for D:/Sailvan/smarty/templates_c\618ea46555e5ed7f359f4db4790b1e1fd86c8bf2.file.login.html.php smarty_resource.php 第 720 行.
[ 2016-07-30T15:14:25+08:00 ] /index.php?mod=user&act=index | ERR: [2] filemtime(): stat failed for \user_system\login.html smarty_resource.php 第 349 行.
[ 2016-07-30T15:15:06+08:00 ] /index.php?mod=user&act=index | ERR: [2] filemtime(): stat failed for \user_system\login.html smarty_resource.php 第 349 行.
[ 2016-07-30T15:15:09+08:00 ] /index.php?mod=user&act=index | ERR: [2] filemtime(): stat failed for \user_system\login.html smarty_resource.php 第 349 行.
[ 2016-07-30T15:15:15+08:00 ] /index.php?mod=user&act=index | ERR: [2] filemtime(): stat failed for D:/Sailvan/smarty/templates_c\1983cc3ef9a3bf24147015806fb4108fcc7985fb.file.login.html.php smarty_resource.php 第 720 行.
[ 2016-07-30T15:15:19+08:00 ] /index.php?mod=user&act=index | ERR: [2] filemtime(): stat failed for D:/Sailvan/smarty/templates_c\1983cc3ef9a3bf24147015806fb4108fcc7985fb.file.login.html.php smarty_resource.php 第 720 行.
[ 2016-07-30T15:15:28+08:00 ] /index.php?mod=user&act=index | ERR: [2] filemtime(): stat failed for D:/Sailvan/smarty/templates_c\1983cc3ef9a3bf24147015806fb4108fcc7985fb.file.login.html.php smarty_resource.php 第 720 行.
[ 2016-07-30T15:15:31+08:00 ] /index.php?mod=user&act=index | ERR: [2] filemtime(): stat failed for D:/Sailvan/smarty/templates_c\1983cc3ef9a3bf24147015806fb4108fcc7985fb.file.login.html.php smarty_resource.php 第 720 行.
[ 2016-07-30T15:15:32+08:00 ] /index.php?mod=user&act=index | ERR: [2] filemtime(): stat failed for D:/Sailvan/smarty/templates_c\1983cc3ef9a3bf24147015806fb4108fcc7985fb.file.login.html.php smarty_resource.php 第 720 行.
[ 2016-07-30T15:15:33+08:00 ] /index.php?mod=user&act=index | ERR: [2] filemtime(): stat failed for D:/Sailvan/smarty/templates_c\1983cc3ef9a3bf24147015806fb4108fcc7985fb.file.login.html.php smarty_resource.php 第 720 行.
[ 2016-07-30T15:15:34+08:00 ] /index.php?mod=user&act=index | ERR: [2] filemtime(): stat failed for D:/Sailvan/smarty/templates_c\1983cc3ef9a3bf24147015806fb4108fcc7985fb.file.login.html.php smarty_resource.php 第 720 行.
[ 2016-07-30T15:15:34+08:00 ] /index.php?mod=user&act=index | ERR: [2] filemtime(): stat failed for D:/Sailvan/smarty/templates_c\1983cc3ef9a3bf24147015806fb4108fcc7985fb.file.login.html.php smarty_resource.php 第 720 行.
[ 2016-07-30T15:15:34+08:00 ] /index.php?mod=user&act=index | ERR: [2] filemtime(): stat failed for D:/Sailvan/smarty/templates_c\1983cc3ef9a3bf24147015806fb4108fcc7985fb.file.login.html.php smarty_resource.php 第 720 行.
[ 2016-07-30T15:15:34+08:00 ] /index.php?mod=user&act=index | ERR: [2] filemtime(): stat failed for D:/Sailvan/smarty/templates_c\1983cc3ef9a3bf24147015806fb4108fcc7985fb.file.login.html.php smarty_resource.php 第 720 行.
[ 2016-07-30T15:15:34+08:00 ] /index.php?mod=user&act=index | ERR: [2] filemtime(): stat failed for D:/Sailvan/smarty/templates_c\1983cc3ef9a3bf24147015806fb4108fcc7985fb.file.login.html.php smarty_resource.php 第 720 行.
[ 2016-07-30T15:15:34+08:00 ] /index.php?mod=user&act=index | ERR: [2] filemtime(): stat failed for D:/Sailvan/smarty/templates_c\1983cc3ef9a3bf24147015806fb4108fcc7985fb.file.login.html.php smarty_resource.php 第 720 行.
[ 2016-07-30T15:15:34+08:00 ] /index.php?mod=user&act=index | ERR: [2] filemtime(): stat failed for D:/Sailvan/smarty/templates_c\1983cc3ef9a3bf24147015806fb4108fcc7985fb.file.login.html.php smarty_resource.php 第 720 行.
[ 2016-07-30T15:15:35+08:00 ] /index.php?mod=user&act=index | ERR: [2] filemtime(): stat failed for D:/Sailvan/smarty/templates_c\1983cc3ef9a3bf24147015806fb4108fcc7985fb.file.login.html.php smarty_resource.php 第 720 行.
[ 2016-07-30T15:15:35+08:00 ] /index.php?mod=user&act=index | ERR: [2] filemtime(): stat failed for D:/Sailvan/smarty/templates_c\1983cc3ef9a3bf24147015806fb4108fcc7985fb.file.login.html.php smarty_resource.php 第 720 行.
[ 2016-07-30T15:15:35+08:00 ] /index.php?mod=user&act=index | ERR: [2] filemtime(): stat failed for D:/Sailvan/smarty/templates_c\1983cc3ef9a3bf24147015806fb4108fcc7985fb.file.login.html.php smarty_resource.php 第 720 行.
[ 2016-07-30T15:15:35+08:00 ] /index.php?mod=user&act=index | ERR: [2] filemtime(): stat failed for D:/Sailvan/smarty/templates_c\1983cc3ef9a3bf24147015806fb4108fcc7985fb.file.login.html.php smarty_resource.php 第 720 行.
[ 2016-07-30T15:15:35+08:00 ] /index.php?mod=user&act=index | ERR: [2] filemtime(): stat failed for D:/Sailvan/smarty/templates_c\1983cc3ef9a3bf24147015806fb4108fcc7985fb.file.login.html.php smarty_resource.php 第 720 行.
[ 2016-07-30T15:15:48+08:00 ] /index.php?mod=user&act=index | ERR: [2] filemtime(): stat failed for D:/Sailvan/smarty/templates_c\1983cc3ef9a3bf24147015806fb4108fcc7985fb.file.login.html.php smarty_resource.php 第 720 行.
[ 2016-07-30T15:15:49+08:00 ] /index.php?mod=user&act=index | ERR: [2] filemtime(): stat failed for D:/Sailvan/smarty/templates_c\1983cc3ef9a3bf24147015806fb4108fcc7985fb.file.login.html.php smarty_resource.php 第 720 行.
[ 2016-07-30T15:15:50+08:00 ] /index.php?mod=user&act=index | ERR: [2] filemtime(): stat failed for D:/Sailvan/smarty/templates_c\1983cc3ef9a3bf24147015806fb4108fcc7985fb.file.login.html.php smarty_resource.php 第 720 行.
[ 2016-07-30T15:15:50+08:00 ] /index.php?mod=user&act=index | ERR: [2] filemtime(): stat failed for D:/Sailvan/smarty/templates_c\1983cc3ef9a3bf24147015806fb4108fcc7985fb.file.login.html.php smarty_resource.php 第 720 行.
[ 2016-07-30T15:15:50+08:00 ] /index.php?mod=user&act=index | ERR: [2] filemtime(): stat failed for D:/Sailvan/smarty/templates_c\1983cc3ef9a3bf24147015806fb4108fcc7985fb.file.login.html.php smarty_resource.php 第 720 行.
[ 2016-07-30T15:15:50+08:00 ] /index.php?mod=user&act=index | ERR: [2] filemtime(): stat failed for D:/Sailvan/smarty/templates_c\1983cc3ef9a3bf24147015806fb4108fcc7985fb.file.login.html.php smarty_resource.php 第 720 行.
[ 2016-07-30T15:15:50+08:00 ] /index.php?mod=user&act=index | ERR: [2] filemtime(): stat failed for D:/Sailvan/smarty/templates_c\1983cc3ef9a3bf24147015806fb4108fcc7985fb.file.login.html.php smarty_resource.php 第 720 行.
[ 2016-07-30T15:15:51+08:00 ] /index.php?mod=user&act=index | ERR: [2] filemtime(): stat failed for D:/Sailvan/smarty/templates_c\1983cc3ef9a3bf24147015806fb4108fcc7985fb.file.login.html.php smarty_resource.php 第 720 行.
[ 2016-07-30T15:15:51+08:00 ] /index.php?mod=user&act=index | ERR: [2] filemtime(): stat failed for D:/Sailvan/smarty/templates_c\1983cc3ef9a3bf24147015806fb4108fcc7985fb.file.login.html.php smarty_resource.php 第 720 行.
[ 2016-07-30T15:15:51+08:00 ] /index.php?mod=user&act=index | ERR: [2] filemtime(): stat failed for D:/Sailvan/smarty/templates_c\1983cc3ef9a3bf24147015806fb4108fcc7985fb.file.login.html.php smarty_resource.php 第 720 行.
[ 2016-07-30T15:15:51+08:00 ] /index.php?mod=user&act=index | ERR: [2] filemtime(): stat failed for D:/Sailvan/smarty/templates_c\1983cc3ef9a3bf24147015806fb4108fcc7985fb.file.login.html.php smarty_resource.php 第 720 行.
[ 2016-07-30T15:15:51+08:00 ] /index.php?mod=user&act=index | ERR: [2] filemtime(): stat failed for D:/Sailvan/smarty/templates_c\1983cc3ef9a3bf24147015806fb4108fcc7985fb.file.login.html.php smarty_resource.php 第 720 行.
[ 2016-07-30T15:15:52+08:00 ] /index.php?mod=user&act=index | ERR: [2] filemtime(): stat failed for D:/Sailvan/smarty/templates_c\1983cc3ef9a3bf24147015806fb4108fcc7985fb.file.login.html.php smarty_resource.php 第 720 行.
[ 2016-07-30T15:15:53+08:00 ] /index.php?mod=user&act=index | ERR: [2] filemtime(): stat failed for D:/Sailvan/smarty/templates_c\1983cc3ef9a3bf24147015806fb4108fcc7985fb.file.login.html.php smarty_resource.php 第 720 行.
[ 2016-07-30T15:15:53+08:00 ] /index.php?mod=user&act=index | ERR: [2] filemtime(): stat failed for D:/Sailvan/smarty/templates_c\1983cc3ef9a3bf24147015806fb4108fcc7985fb.file.login.html.php smarty_resource.php 第 720 行.
[ 2016-07-30T15:15:53+08:00 ] /index.php?mod=user&act=index | ERR: [2] filemtime(): stat failed for D:/Sailvan/smarty/templates_c\1983cc3ef9a3bf24147015806fb4108fcc7985fb.file.login.html.php smarty_resource.php 第 720 行.
[ 2016-07-30T15:15:54+08:00 ] /index.php?mod=user&act=index | ERR: [2] filemtime(): stat failed for D:/Sailvan/smarty/templates_c\1983cc3ef9a3bf24147015806fb4108fcc7985fb.file.login.html.php smarty_resource.php 第 720 行.
[ 2016-07-30T15:15:54+08:00 ] /index.php?mod=user&act=index | ERR: [2] filemtime(): stat failed for D:/Sailvan/smarty/templates_c\1983cc3ef9a3bf24147015806fb4108fcc7985fb.file.login.html.php smarty_resource.php 第 720 行.
[ 2016-07-30T15:15:54+08:00 ] /index.php?mod=user&act=index | ERR: [2] filemtime(): stat failed for D:/Sailvan/smarty/templates_c\1983cc3ef9a3bf24147015806fb4108fcc7985fb.file.login.html.php smarty_resource.php 第 720 行.
[ 2016-07-30T15:15:55+08:00 ] /index.php?mod=user&act=index | ERR: [2] filemtime(): stat failed for D:/Sailvan/smarty/templates_c\1983cc3ef9a3bf24147015806fb4108fcc7985fb.file.login.html.php smarty_resource.php 第 720 行.
[ 2016-07-30T15:15:55+08:00 ] /index.php?mod=user&act=index | ERR: [2] filemtime(): stat failed for D:/Sailvan/smarty/templates_c\1983cc3ef9a3bf24147015806fb4108fcc7985fb.file.login.html.php smarty_resource.php 第 720 行.
[ 2016-07-30T15:15:55+08:00 ] /index.php?mod=user&act=index | ERR: [2] filemtime(): stat failed for D:/Sailvan/smarty/templates_c\1983cc3ef9a3bf24147015806fb4108fcc7985fb.file.login.html.php smarty_resource.php 第 720 行.
[ 2016-07-30T15:16:05+08:00 ] /index.php?mod=user&act=index | ERR: [2] filemtime(): stat failed for D:/Sailvan/smarty/templates_c\1983cc3ef9a3bf24147015806fb4108fcc7985fb.file.login.html.php smarty_resource.php 第 720 行.
[ 2016-07-30T15:16:08+08:00 ] /index.php?mod=user&act=index | ERR: [2] filemtime(): stat failed for D:/Sailvan/smarty/templates_c\1983cc3ef9a3bf24147015806fb4108fcc7985fb.file.login.html.php smarty_resource.php 第 720 行.
[ 2016-07-30T15:16:11+08:00 ] /index.php?mod=user&act=index | ERR: [2] filemtime(): stat failed for D:/Sailvan/smarty/templates_c\1983cc3ef9a3bf24147015806fb4108fcc7985fb.file.login.html.php smarty_resource.php 第 720 行.
[ 2016-07-30T15:16:26+08:00 ] /index.php?mod=user&act=login | ERR: [2] filemtime(): stat failed for D:/Sailvan/smarty/templates_c\05e6fc6b969c4981707f9b6e0ef541d3e669460b.file.userlist.html.php smarty_resource.php 第 720 行.
[ 2016-07-30T15:16:26+08:00 ] /index.php?mod=user&act=login | ERR: [2] unlink(D:/Sailvan/smarty/templates_c\05e6fc6b969c4981707f9b6e0ef541d3e669460b.file.userlist.html.php): No such file or directory smarty_internal_write_file.php 第 57 行.
[ 2016-07-30T15:16:40+08:00 ] /index.php?mod=user&act=information | ERR: [2] filemtime(): stat failed for D:/Sailvan/smarty/templates_c\31643d3d4fe9258c1de1f3215d912a2e032a5da7.file.userInfo.html.php smarty_resource.php 第 720 行.
[ 2016-07-30T15:16:40+08:00 ] /index.php?mod=user&act=information | ERR: [2] unlink(D:/Sailvan/smarty/templates_c\31643d3d4fe9258c1de1f3215d912a2e032a5da7.file.userInfo.html.php): No such file or directory smarty_internal_write_file.php 第 57 行.
[ 2016-07-30T15:18:04+08:00 ] /index.php?mod=user&act=index | ERR: [2] filemtime(): stat failed for D:/Sailvan/smarty/templates_c\1983cc3ef9a3bf24147015806fb4108fcc7985fb.file.login.html.php smarty_resource.php 第 720 行.
[ 2016-07-30T15:18:04+08:00 ] /index.php?mod=user&act=index | ERR: [2] filemtime(): stat failed for D:/Sailvan/smarty/templates_c\1983cc3ef9a3bf24147015806fb4108fcc7985fb.file.login.html.php smarty_resource.php 第 720 行.
[ 2016-07-30T15:18:05+08:00 ] /index.php?mod=user&act=index | ERR: [2] filemtime(): stat failed for D:/Sailvan/smarty/templates_c\1983cc3ef9a3bf24147015806fb4108fcc7985fb.file.login.html.php smarty_resource.php 第 720 行.
[ 2016-07-30T15:18:05+08:00 ] /index.php?mod=user&act=index | ERR: [2] filemtime(): stat failed for D:/Sailvan/smarty/templates_c\1983cc3ef9a3bf24147015806fb4108fcc7985fb.file.login.html.php smarty_resource.php 第 720 行.
[ 2016-07-30T15:18:05+08:00 ] /index.php?mod=user&act=index | ERR: [2] filemtime(): stat failed for D:/Sailvan/smarty/templates_c\1983cc3ef9a3bf24147015806fb4108fcc7985fb.file.login.html.php smarty_resource.php 第 720 行.
[ 2016-07-30T15:18:05+08:00 ] /index.php?mod=user&act=index | ERR: [2] filemtime(): stat failed for D:/Sailvan/smarty/templates_c\1983cc3ef9a3bf24147015806fb4108fcc7985fb.file.login.html.php smarty_resource.php 第 720 行.
[ 2016-07-30T15:18:05+08:00 ] /index.php?mod=user&act=index | ERR: [2] filemtime(): stat failed for D:/Sailvan/smarty/templates_c\1983cc3ef9a3bf24147015806fb4108fcc7985fb.file.login.html.php smarty_resource.php 第 720 行.
[ 2016-07-30T15:18:05+08:00 ] /index.php?mod=user&act=index | ERR: [2] filemtime(): stat failed for D:/Sailvan/smarty/templates_c\1983cc3ef9a3bf24147015806fb4108fcc7985fb.file.login.html.php smarty_resource.php 第 720 行.
[ 2016-07-30T15:18:06+08:00 ] /index.php?mod=user&act=index | ERR: [2] filemtime(): stat failed for D:/Sailvan/smarty/templates_c\1983cc3ef9a3bf24147015806fb4108fcc7985fb.file.login.html.php smarty_resource.php 第 720 行.
[ 2016-07-30T15:18:06+08:00 ] /index.php?mod=user&act=index | ERR: [2] filemtime(): stat failed for D:/Sailvan/smarty/templates_c\1983cc3ef9a3bf24147015806fb4108fcc7985fb.file.login.html.php smarty_resource.php 第 720 行.
[ 2016-07-30T15:18:06+08:00 ] /index.php?mod=user&act=index | ERR: [2] filemtime(): stat failed for D:/Sailvan/smarty/templates_c\1983cc3ef9a3bf24147015806fb4108fcc7985fb.file.login.html.php smarty_resource.php 第 720 行.
[ 2016-07-30T15:18:06+08:00 ] /index.php?mod=user&act=index | ERR: [2] filemtime(): stat failed for D:/Sailvan/smarty/templates_c\1983cc3ef9a3bf24147015806fb4108fcc7985fb.file.login.html.php smarty_resource.php 第 720 行.
[ 2016-07-30T15:18:36+08:00 ] /index.php?mod=user&act=index | ERR: [2] filemtime(): stat failed for D:/Sailvan/smarty/templates_c\1983cc3ef9a3bf24147015806fb4108fcc7985fb.file.login.html.php smarty_resource.php 第 720 行.
[ 2016-07-30T15:18:36+08:00 ] /index.php?mod=user&act=index | ERR: [2] unlink(D:/Sailvan/smarty/templates_c\1983cc3ef9a3bf24147015806fb4108fcc7985fb.file.login.html.php): No such file or directory smarty_internal_write_file.php 第 57 行.
